<?xml version="1.0" encoding="UTF-8"?>
<!-- Generated by org.testng.reporters.JUnitReportReporter -->
<testsuite hostname="LAPTOP-V6HT4II3" failures="0" tests="7" name="Banjararide2.Ride2" time="160.324" errors="0" timestamp="2024-02-25T21:23:45 IST" skipped="1">
  <testcase classname="Banjararide2.Ride2" name="hirebike" time="37.496"/>
  <system-out/>
  <testcase classname="Banjararide2.Ride2" name="Mytools" time="13.490"/>
  <system-out/>
  <testcase classname="Banjararide2.Ride2" name="more" time="41.826"/>
  <system-out/>
  <testcase classname="Banjararide2.Ride2" name="notification" time="20.578"/>
  <system-out/>
  <testcase classname="Banjararide2.Ride2" name="Termandconditions" time="41.989"/>
  <system-out/>
  <testcase classname="Banjararide2.Ride2" name="callus" time="4.945"/>
  <system-out/>
  <testcase classname="Banjararide2.Ride2" name="login">
    <skipped/>
  </testcase> <!-- login -->
  <system-out/>
</testsuite> <!-- Banjararide2.Ride2 -->
